-----TI-REX started at Fri Apr 07 2017 02:09:43 GMT+0300 (FLE Daylight Time)
Thu, 06 Apr 2017 23:09:44 GMT connect deprecated multipart: use parser (multiparty, busboy, formidable) npm module instead at node_modules\connect\lib\middleware\bodyParser.js:56:20
Thu, 06 Apr 2017 23:09:44 GMT connect deprecated limit: Restrict request size at location of read at node_modules\connect\lib\middleware\multipart.js:86:15
Thu, 06 Apr 2017 23:09:44 GMT connect deprecated methodOverride: use method-override npm module instead at app.js:555:21
content"
]
2017-04-06T23:09:44.623Z INFO DAEMON tirex C:\ti\ccsv7\tirex\ti-rex-core\lib\vars.js:165:12:Function.Vars.createDirs() [
    "db dir: C:\\Users\\Insener\\ti\\tirex-localserver-3.0.0\\.db"
]
2017-04-06T23:09:44.623Z INFO DAEMON tirex C:\ti\ccsv7\tirex\ti-rex-core\lib\vars.js:170:12:Function.Vars.createDirs() [
    "db logs dir: C:\\Users\\Insener\\ti\\tirex-localserver-3.0.0\\.db\\logs"
]
2017-04-06T23:09:44.624Z INFO DAEMON tirex C:\ti\ccsv7\tirex\ti-rex-core\lib\vars.js:175:12:Function.Vars.createDirs() [
    "sitemap dir: C:\\Users\\Insener\\ti\\tirex-localserver-3.0.0\\.db\\sitemap"
]
2017-04-06T23:09:44.625Z INFO DAEMON tirex C:\ti\ccsv7\tirex\ti-rex-core\lib\vars.js:180:12:Function.Vars.createDirs() [
    "downloads dir: C:\\Users\\Insener\\ti\\tirex-localserver-3.0.0\\.downloads"
]
2017-04-06T23:09:44.625Z INFO DAEMON tirex C:\ti\ccsv7\tirex\ti-rex-core\lib\vars.js:185:12:Function.Vars.createDirs() [
    "user config dir: C:\\Users\\Insener\\ti\\tirex-localserver-3.0.0"
]
2017-04-06T23:09:44.631Z INFO DAEMON tirex C:\ti\ccsv7\tirex\ti-rex-core\rexdb\lib\rexdb-split.js:49:12:RexDBSplit.use() [
    "DB: use() called with[]"
]
2017-04-06T23:09:44.634Z INFO DAEMON tirex C:\ti\ccsv7\tirex\ti-rex-core\rexdb\lib\rexdb-split.js:83:16:() [
    "DB: status {}"
]
2017-04-06T23:09:44.901Z INFO DAEMON tirex C:\ti\ccsv7\tirex\ti-rex-core\lib\localserver.js:50:12:logInfo() [
    "localserver",
    "Starting up local server ..."
]
2017-04-06T23:09:44.906Z INFO DAEMON tirex C:\ti\ccsv7\tirex\ti-rex-core\lib\localserver.js:50:12:logInfo() [
    "localserver",
    "CCS host: http://localhost:49995/"
]
2017-04-06T23:09:44.921Z INFO DAEMON tirex C:\ti\ccsv7\tirex\ti-rex-core\lib\localserver.js:50:12:logInfo() [
    "localserver",
    "Connecting to remote server host: https://dev.ti.com/tirex"
]
2017-04-06T23:09:44.946Z INFO DAEMON tirex C:\ti\ccsv7\tirex\ti-rex-core\app.js:2317:16:Server.<anonymous>() [
    "Express server listening on port 52028"
]
removing old log file .logs-2017-03-30.log
2017-04-06T23:09:46.190Z INFO DAEMON tirex C:\ti\ccsv7\tirex\ti-rex-core\lib\localserver.js:50:12:logInfo() [
    "localserver",
    "Cannot connect to remote server host: https://dev.ti.com/tirex"
]
2017-04-06T23:09:46.191Z INFO DAEMON tirex C:\ti\ccsv7\tirex\ti-rex-core\lib\localserver.js:50:12:logInfo() [
    "localserver",
    "Reason: This version of Resource Explorer is no longer supported. Please update to CCStudio 7.1.0.16 or higher. If updating CCStudio is not desired then update to Resource Explorer 3.1.3 or higher"
]
